{"F:\\ISDICoders\\Final\\Inigo-Panos_Front-Final-Project-202201-MAD\\src\\App.vue": {"path":"F:\\ISDICoders\\Final\\Inigo-Panos_Front-Final-Project-202201-MAD\\src\\App.vue","statementMap":{"0":{"start":{"line":52,"column":0},"end":{"line":52,"column":null}},"1":{"start":{"line":53,"column":0},"end":{"line":53,"column":null}},"2":{"start":{"line":55,"column":0},"end":{"line":55,"column":15}},"3":{"start":{"line":57,"column":4},"end":{"line":57,"column":11}},"4":{"start":{"line":71,"column":6},"end":{"line":71,"column":11}},"5":{"start":{"line":76,"column":4},"end":{"line":76,"column":null}}},"fnMap":{"0":{"name":"(anonymous_2)","decl":{"start":{"line":56,"column":6},"end":{"line":56,"column":null}},"loc":{"start":{"line":56,"column":6},"end":{"line":60,"column":null}}},"1":{"name":"(anonymous_3)","decl":{"start":{"line":70,"column":14},"end":{"line":70,"column":null}},"loc":{"start":{"line":70,"column":14},"end":{"line":72,"column":null}}},"2":{"name":"(anonymous_4)","decl":{"start":{"line":75,"column":7},"end":{"line":75,"column":null}},"loc":{"start":{"line":75,"column":7},"end":{"line":77,"column":null}}}},"branchMap":{},"s":{"0":0,"1":0,"2":0,"3":0,"4":0,"5":0},"f":{"0":0,"1":0,"2":0},"b":{}}
,"F:\\ISDICoders\\Final\\Inigo-Panos_Front-Final-Project-202201-MAD\\src\\firebase.ts": {"path":"F:\\ISDICoders\\Final\\Inigo-Panos_Front-Final-Project-202201-MAD\\src\\firebase.ts","statementMap":{"0":{"start":{"line":1,"column":0},"end":{"line":1,"column":null}},"1":{"start":{"line":2,"column":0},"end":{"line":2,"column":null}},"2":{"start":{"line":3,"column":0},"end":{"line":3,"column":null}},"3":{"start":{"line":8,"column":23},"end":{"line":8,"column":null}},"4":{"start":{"line":18,"column":12},"end":{"line":18,"column":26}},"5":{"start":{"line":19,"column":13},"end":{"line":19,"column":23}}},"fnMap":{},"branchMap":{},"s":{"0":0,"1":0,"2":0,"3":0,"4":0,"5":0},"f":{},"b":{}}
,"F:\\ISDICoders\\Final\\Inigo-Panos_Front-Final-Project-202201-MAD\\src\\_helpers\\auth.header.ts": {"path":"F:\\ISDICoders\\Final\\Inigo-Panos_Front-Final-Project-202201-MAD\\src\\_helpers\\auth.header.ts","statementMap":{"0":{"start":{"line":3,"column":15},"end":{"line":3,"column":19}},"1":{"start":{"line":5,"column":2},"end":{"line":7,"column":null}},"2":{"start":{"line":6,"column":4},"end":{"line":6,"column":11}},"3":{"start":{"line":9,"column":2},"end":{"line":9,"column":9}},"4":{"start":{"line":1,"column":0},"end":{"line":1,"column":16}}},"fnMap":{"0":{"name":"authHeader","decl":{"start":{"line":1,"column":16},"end":{"line":1,"column":26}},"loc":{"start":{"line":1,"column":26},"end":{"line":10,"column":null}}}},"branchMap":{"0":{"loc":{"start":{"line":5,"column":2},"end":{"line":7,"column":null}},"type":"if","locations":[{"start":{"line":5,"column":2},"end":{"line":7,"column":null}}]},"1":{"loc":{"start":{"line":5,"column":6},"end":{"line":5,"column":26}},"type":"binary-expr","locations":[{"start":{"line":5,"column":6},"end":{"line":5,"column":10}},{"start":{"line":5,"column":14},"end":{"line":5,"column":26}}]}},"s":{"0":2,"1":2,"2":1,"3":1,"4":1},"f":{"0":2},"b":{"0":[1],"1":[2,1]}}
,"F:\\ISDICoders\\Final\\Inigo-Panos_Front-Final-Project-202201-MAD\\src\\_helpers\\config.ts": {"path":"F:\\ISDICoders\\Final\\Inigo-Panos_Front-Final-Project-202201-MAD\\src\\_helpers\\config.ts","statementMap":{"0":{"start":{"line":1,"column":0},"end":{"line":1,"column":null}},"1":{"start":{"line":3,"column":0},"end":{"line":3,"column":9}},"2":{"start":{"line":5,"column":13},"end":{"line":5,"column":24}}},"fnMap":{},"branchMap":{},"s":{"0":0,"1":0,"2":0},"f":{},"b":{}}
,"F:\\ISDICoders\\Final\\Inigo-Panos_Front-Final-Project-202201-MAD\\src\\components\\BaseMap.vue": {"path":"F:\\ISDICoders\\Final\\Inigo-Panos_Front-Final-Project-202201-MAD\\src\\components\\BaseMap.vue","statementMap":{"0":{"start":{"line":19,"column":2},"end":{"line":19,"column":null}},"1":{"start":{"line":20,"column":2},"end":{"line":20,"column":null}},"2":{"start":{"line":21,"column":2},"end":{"line":21,"column":null}},"3":{"start":{"line":22,"column":2},"end":{"line":22,"column":null}},"4":{"start":{"line":23,"column":2},"end":{"line":23,"column":null}},"5":{"start":{"line":25,"column":0},"end":{"line":25,"column":15}},"6":{"start":{"line":29,"column":4},"end":{"line":29,"column":11}},"7":{"start":{"line":30,"column":4},"end":{"line":30,"column":11}},"8":{"start":{"line":59,"column":43},"end":{"line":59,"column":null}},"9":{"start":{"line":60,"column":6},"end":{"line":60,"column":16}},"10":{"start":{"line":62,"column":63},"end":{"line":62,"column":null}},"11":{"start":{"line":64,"column":6},"end":{"line":72,"column":null}},"12":{"start":{"line":64,"column":19},"end":{"line":64,"column":22}},"13":{"start":{"line":65,"column":48},"end":{"line":65,"column":58}},"14":{"start":{"line":67,"column":24},"end":{"line":67,"column":35}},"15":{"start":{"line":68,"column":24},"end":{"line":68,"column":35}},"16":{"start":{"line":70,"column":45},"end":{"line":70,"column":47}},"17":{"start":{"line":71,"column":8},"end":{"line":71,"column":25}},"18":{"start":{"line":74,"column":6},"end":{"line":74,"column":13}},"19":{"start":{"line":75,"column":6},"end":{"line":75,"column":13}},"20":{"start":{"line":81,"column":6},"end":{"line":81,"column":12}},"21":{"start":{"line":82,"column":6},"end":{"line":82,"column":12}},"22":{"start":{"line":84,"column":6},"end":{"line":84,"column":13}},"23":{"start":{"line":86,"column":12},"end":{"line":86,"column":18}},"24":{"start":{"line":92,"column":12},"end":{"line":92,"column":15}},"25":{"start":{"line":99,"column":6},"end":{"line":99,"column":9}},"26":{"start":{"line":100,"column":6},"end":{"line":100,"column":9}},"27":{"start":{"line":101,"column":6},"end":{"line":101,"column":9}},"28":{"start":{"line":102,"column":6},"end":{"line":102,"column":9}},"29":{"start":{"line":106,"column":12},"end":{"line":106,"column":24}},"30":{"start":{"line":107,"column":12},"end":{"line":107,"column":19}},"31":{"start":{"line":108,"column":6},"end":{"line":114,"column":null}},"32":{"start":{"line":109,"column":8},"end":{"line":109,"column":15}},"33":{"start":{"line":111,"column":8},"end":{"line":111,"column":15}},"34":{"start":{"line":118,"column":6},"end":{"line":118,"column":12}},"35":{"start":{"line":119,"column":6},"end":{"line":119,"column":13}},"36":{"start":{"line":121,"column":6},"end":{"line":121,"column":11}},"37":{"start":{"line":126,"column":18},"end":{"line":126,"column":null}},"38":{"start":{"line":127,"column":18},"end":{"line":127,"column":null}},"39":{"start":{"line":128,"column":4},"end":{"line":128,"column":11}},"40":{"start":{"line":130,"column":4},"end":{"line":130,"column":11}},"41":{"start":{"line":134,"column":24},"end":{"line":134,"column":null}},"42":{"start":{"line":136,"column":4},"end":{"line":136,"column":11}},"43":{"start":{"line":137,"column":4},"end":{"line":137,"column":9}},"44":{"start":{"line":139,"column":4},"end":{"line":148,"column":null}},"45":{"start":{"line":139,"column":17},"end":{"line":139,"column":20}},"46":{"start":{"line":140,"column":6},"end":{"line":147,"column":null}},"47":{"start":{"line":141,"column":23},"end":{"line":141,"column":null}},"48":{"start":{"line":143,"column":8},"end":{"line":146,"column":null}},"49":{"start":{"line":144,"column":10},"end":{"line":144,"column":15}},"50":{"start":{"line":145,"column":10},"end":{"line":145,"column":17}},"51":{"start":{"line":150,"column":4},"end":{"line":150,"column":9}},"52":{"start":{"line":152,"column":4},"end":{"line":152,"column":11}},"53":{"start":{"line":163,"column":6},"end":{"line":163,"column":13}},"54":{"start":{"line":164,"column":6},"end":{"line":168,"column":null}},"55":{"start":{"line":166,"column":8},"end":{"line":166,"column":15}},"56":{"start":{"line":167,"column":8},"end":{"line":167,"column":13}}},"fnMap":{"0":{"name":"(anonymous_16)","decl":{"start":{"line":28,"column":2},"end":{"line":28,"column":6}},"loc":{"start":{"line":28,"column":2},"end":{"line":35,"column":null}}},"1":{"name":"(anonymous_17)","decl":{"start":{"line":58,"column":4},"end":{"line":58,"column":24}},"loc":{"start":{"line":58,"column":4},"end":{"line":76,"column":null}}},"2":{"name":"(anonymous_18)","decl":{"start":{"line":79,"column":4},"end":{"line":79,"column":10}},"loc":{"start":{"line":79,"column":52},"end":{"line":115,"column":null}}},"3":{"name":"(anonymous_21)","decl":{"start":{"line":117,"column":23},"end":{"line":117,"column":null}},"loc":{"start":{"line":117,"column":23},"end":{"line":122,"column":null}}},"4":{"name":"(anonymous_24)","decl":{"start":{"line":125,"column":7},"end":{"line":125,"column":null}},"loc":{"start":{"line":125,"column":7},"end":{"line":131,"column":null}}},"5":{"name":"(anonymous_25)","decl":{"start":{"line":133,"column":9},"end":{"line":133,"column":null}},"loc":{"start":{"line":133,"column":9},"end":{"line":155,"column":null}}},"6":{"name":"(anonymous_26)","decl":{"start":{"line":162,"column":23},"end":{"line":162,"column":24}},"loc":{"start":{"line":162,"column":32},"end":{"line":169,"column":null}}}},"branchMap":{"0":{"loc":{"start":{"line":128,"column":27},"end":{"line":128,"column":null}},"type":"cond-expr","locations":[{"start":{"line":128,"column":39},"end":{"line":128,"column":41}},{"start":{"line":128,"column":39},"end":{"line":128,"column":null}}]},"1":{"loc":{"start":{"line":128,"column":27},"end":{"line":128,"column":41}},"type":"binary-expr","locations":[{"start":{"line":128,"column":27},"end":{"line":128,"column":41}},{"start":{"line":128,"column":39},"end":{"line":128,"column":41}}]},"2":{"loc":{"start":{"line":128,"column":27},"end":{"line":128,"column":39}},"type":"cond-expr","locations":[{"start":{"line":128,"column":32},"end":{"line":128,"column":34}},{"start":{"line":128,"column":27},"end":{"line":128,"column":39}}]},"3":{"loc":{"start":{"line":128,"column":27},"end":{"line":128,"column":34}},"type":"binary-expr","locations":[{"start":{"line":128,"column":27},"end":{"line":128,"column":34}},{"start":{"line":128,"column":27},"end":{"line":128,"column":34}}]},"4":{"loc":{"start":{"line":134,"column":24},"end":{"line":134,"column":null}},"type":"cond-expr","locations":[{"start":{"line":134,"column":34},"end":{"line":134,"column":36}},{"start":{"line":134,"column":34},"end":{"line":134,"column":null}}]},"5":{"loc":{"start":{"line":134,"column":24},"end":{"line":134,"column":36}},"type":"binary-expr","locations":[{"start":{"line":134,"column":24},"end":{"line":134,"column":36}},{"start":{"line":134,"column":34},"end":{"line":134,"column":36}}]},"6":{"loc":{"start":{"line":139,"column":24},"end":{"line":139,"column":45}},"type":"cond-expr","locations":[{"start":{"line":139,"column":35},"end":{"line":139,"column":37}},{"start":{"line":139,"column":24},"end":{"line":139,"column":45}}]},"7":{"loc":{"start":{"line":139,"column":24},"end":{"line":139,"column":37}},"type":"binary-expr","locations":[{"start":{"line":139,"column":24},"end":{"line":139,"column":37}},{"start":{"line":139,"column":24},"end":{"line":139,"column":37}}]},"8":{"loc":{"start":{"line":140,"column":6},"end":{"line":147,"column":null}},"type":"if","locations":[{"start":{"line":140,"column":6},"end":{"line":147,"column":null}}]},"9":{"loc":{"start":{"line":143,"column":8},"end":{"line":146,"column":null}},"type":"if","locations":[{"start":{"line":143,"column":8},"end":{"line":146,"column":null}}]},"10":{"loc":{"start":{"line":164,"column":6},"end":{"line":168,"column":null}},"type":"if","locations":[{"start":{"line":164,"column":6},"end":{"line":168,"column":null}}]}},"s":{"0":0,"1":0,"2":0,"3":0,"4":0,"5":0,"6":0,"7":0,"8":0,"9":0,"10":0,"11":0,"12":0,"13":0,"14":0,"15":0,"16":0,"17":0,"18":0,"19":0,"20":0,"21":0,"22":0,"23":0,"24":0,"25":0,"26":0,"27":0,"28":0,"29":0,"30":0,"31":0,"32":0,"33":0,"34":0,"35":0,"36":0,"37":0,"38":0,"39":0,"40":0,"41":0,"42":0,"43":0,"44":0,"45":0,"46":0,"47":0,"48":0,"49":0,"50":0,"51":0,"52":0,"53":0,"54":0,"55":0,"56":0},"f":{"0":0,"1":0,"2":0,"3":0,"4":0,"5":0,"6":0},"b":{"0":[0,0],"1":[0,0],"2":[0,0],"3":[0,0],"4":[0,0],"5":[0,0],"6":[0,0],"7":[0,0],"8":[0],"9":[0],"10":[0]}}
,"F:\\ISDICoders\\Final\\Inigo-Panos_Front-Final-Project-202201-MAD\\src\\components\\CreateRuin.vue": {"path":"F:\\ISDICoders\\Final\\Inigo-Panos_Front-Final-Project-202201-MAD\\src\\components\\CreateRuin.vue","statementMap":{"0":{"start":{"line":73,"column":0},"end":{"line":73,"column":null}},"1":{"start":{"line":74,"column":0},"end":{"line":74,"column":null}},"2":{"start":{"line":75,"column":0},"end":{"line":75,"column":null}},"3":{"start":{"line":76,"column":0},"end":{"line":76,"column":null}},"4":{"start":{"line":77,"column":0},"end":{"line":77,"column":null}},"5":{"start":{"line":78,"column":0},"end":{"line":78,"column":null}},"6":{"start":{"line":80,"column":0},"end":{"line":80,"column":15}},"7":{"start":{"line":83,"column":4},"end":{"line":83,"column":11}},"8":{"start":{"line":109,"column":4},"end":{"line":109,"column":16}},"9":{"start":{"line":110,"column":6},"end":{"line":110,"column":11}},"10":{"start":{"line":112,"column":21},"end":{"line":112,"column":25}},"11":{"start":{"line":114,"column":6},"end":{"line":114,"column":18}},"12":{"start":{"line":115,"column":8},"end":{"line":115,"column":23}},"13":{"start":{"line":116,"column":10},"end":{"line":116,"column":14}},"14":{"start":{"line":117,"column":10},"end":{"line":117,"column":14}},"15":{"start":{"line":123,"column":6},"end":{"line":123,"column":11}},"16":{"start":{"line":127,"column":18},"end":{"line":127,"column":null}},"17":{"start":{"line":128,"column":19},"end":{"line":128,"column":null}},"18":{"start":{"line":129,"column":4},"end":{"line":129,"column":9}}},"fnMap":{"0":{"name":"(anonymous_2)","decl":{"start":{"line":82,"column":6},"end":{"line":82,"column":null}},"loc":{"start":{"line":82,"column":6},"end":{"line":99,"column":null}}},"1":{"name":"(anonymous_3)","decl":{"start":{"line":109,"column":4},"end":{"line":109,"column":16}},"loc":{"start":{"line":109,"column":4},"end":{"line":120,"column":null}}},"2":{"name":"(anonymous_4)","decl":{"start":{"line":114,"column":57},"end":{"line":114,"column":null}},"loc":{"start":{"line":114,"column":57},"end":{"line":119,"column":null}}},"3":{"name":"(anonymous_5)","decl":{"start":{"line":115,"column":36},"end":{"line":115,"column":37}},"loc":{"start":{"line":115,"column":48},"end":{"line":118,"column":null}}},"4":{"name":"(anonymous_6)","decl":{"start":{"line":121,"column":4},"end":{"line":121,"column":21}},"loc":{"start":{"line":121,"column":28},"end":{"line":124,"column":null}}},"5":{"name":"(anonymous_7)","decl":{"start":{"line":126,"column":2},"end":{"line":126,"column":9}},"loc":{"start":{"line":126,"column":2},"end":{"line":130,"column":null}}}},"branchMap":{},"s":{"0":0,"1":0,"2":0,"3":0,"4":0,"5":0,"6":0,"7":0,"8":0,"9":0,"10":0,"11":0,"12":0,"13":0,"14":0,"15":0,"16":0,"17":0,"18":0},"f":{"0":0,"1":0,"2":0,"3":0,"4":0,"5":0},"b":{}}
,"F:\\ISDICoders\\Final\\Inigo-Panos_Front-Final-Project-202201-MAD\\src\\components\\HelloWorld.vue": {"path":"F:\\ISDICoders\\Final\\Inigo-Panos_Front-Final-Project-202201-MAD\\src\\components\\HelloWorld.vue","statementMap":{"0":{"start":{"line":40,"column":0},"end":{"line":40,"column":null}},"1":{"start":{"line":42,"column":0},"end":{"line":42,"column":15}}},"fnMap":{},"branchMap":{},"s":{"0":1,"1":1},"f":{},"b":{}}
,"F:\\ISDICoders\\Final\\Inigo-Panos_Front-Final-Project-202201-MAD\\src\\components\\Login.vue": {"path":"F:\\ISDICoders\\Final\\Inigo-Panos_Front-Final-Project-202201-MAD\\src\\components\\Login.vue","statementMap":{"0":{"start":{"line":47,"column":0},"end":{"line":47,"column":null}},"1":{"start":{"line":48,"column":0},"end":{"line":48,"column":null}},"2":{"start":{"line":50,"column":0},"end":{"line":50,"column":15}},"3":{"start":{"line":53,"column":4},"end":{"line":53,"column":11}},"4":{"start":{"line":63,"column":15},"end":{"line":63,"column":27}},"5":{"start":{"line":64,"column":4},"end":{"line":64,"column":16}},"6":{"start":{"line":69,"column":6},"end":{"line":69,"column":11}},"7":{"start":{"line":70,"column":37},"end":{"line":70,"column":null}},"8":{"start":{"line":70,"column":22},"end":{"line":70,"column":24}},"9":{"start":{"line":70,"column":32},"end":{"line":70,"column":37}},"10":{"start":{"line":71,"column":6},"end":{"line":73,"column":null}},"11":{"start":{"line":72,"column":8},"end":{"line":72,"column":13}}},"fnMap":{"0":{"name":"(anonymous_2)","decl":{"start":{"line":52,"column":6},"end":{"line":52,"column":null}},"loc":{"start":{"line":52,"column":6},"end":{"line":58,"column":null}}},"1":{"name":"(anonymous_3)","decl":{"start":{"line":62,"column":9},"end":{"line":62,"column":null}},"loc":{"start":{"line":62,"column":9},"end":{"line":65,"column":null}}},"2":{"name":"(anonymous_4)","decl":{"start":{"line":68,"column":16},"end":{"line":68,"column":null}},"loc":{"start":{"line":68,"column":16},"end":{"line":74,"column":null}}}},"branchMap":{"0":{"loc":{"start":{"line":71,"column":6},"end":{"line":73,"column":null}},"type":"if","locations":[{"start":{"line":71,"column":6},"end":{"line":73,"column":null}}]},"1":{"loc":{"start":{"line":71,"column":10},"end":{"line":71,"column":32}},"type":"binary-expr","locations":[{"start":{"line":71,"column":10},"end":{"line":71,"column":18}},{"start":{"line":71,"column":22},"end":{"line":71,"column":32}}]}},"s":{"0":1,"1":1,"2":1,"3":0,"4":0,"5":0,"6":0,"7":0,"8":0,"9":0,"10":0,"11":0},"f":{"0":0,"1":0,"2":0},"b":{"0":[0],"1":[0,0]}}
,"F:\\ISDICoders\\Final\\Inigo-Panos_Front-Final-Project-202201-MAD\\src\\components\\Register.vue": {"path":"F:\\ISDICoders\\Final\\Inigo-Panos_Front-Final-Project-202201-MAD\\src\\components\\Register.vue","statementMap":{"0":{"start":{"line":42,"column":0},"end":{"line":42,"column":null}},"1":{"start":{"line":43,"column":0},"end":{"line":43,"column":null}},"2":{"start":{"line":45,"column":0},"end":{"line":45,"column":15}},"3":{"start":{"line":48,"column":4},"end":{"line":48,"column":11}},"4":{"start":{"line":63,"column":6},"end":{"line":63,"column":11}},"5":{"start":{"line":64,"column":6},"end":{"line":68,"column":null}},"6":{"start":{"line":66,"column":8},"end":{"line":66,"column":18}},"7":{"start":{"line":66,"column":25},"end":{"line":66,"column":29}},"8":{"start":{"line":67,"column":8},"end":{"line":67,"column":13}}},"fnMap":{"0":{"name":"(anonymous_2)","decl":{"start":{"line":47,"column":6},"end":{"line":47,"column":null}},"loc":{"start":{"line":47,"column":6},"end":{"line":56,"column":null}}},"1":{"name":"(anonymous_3)","decl":{"start":{"line":62,"column":16},"end":{"line":62,"column":null}},"loc":{"start":{"line":62,"column":16},"end":{"line":69,"column":null}}},"2":{"name":"(anonymous_4)","decl":{"start":{"line":66,"column":19},"end":{"line":66,"column":25}},"loc":{"start":{"line":66,"column":19},"end":{"line":66,"column":null}}}},"branchMap":{"0":{"loc":{"start":{"line":64,"column":6},"end":{"line":68,"column":null}},"type":"if","locations":[{"start":{"line":64,"column":6},"end":{"line":68,"column":null}}]},"1":{"loc":{"start":{"line":64,"column":10},"end":{"line":64,"column":80}},"type":"binary-expr","locations":[{"start":{"line":64,"column":10},"end":{"line":64,"column":46}},{"start":{"line":64,"column":46},"end":{"line":64,"column":80}}]}},"s":{"0":0,"1":0,"2":0,"3":0,"4":0,"5":0,"6":0,"7":0,"8":0},"f":{"0":0,"1":0,"2":0},"b":{"0":[0],"1":[0,0]}}
,"F:\\ISDICoders\\Final\\Inigo-Panos_Front-Final-Project-202201-MAD\\src\\components\\RuinDetail.vue": {"path":"F:\\ISDICoders\\Final\\Inigo-Panos_Front-Final-Project-202201-MAD\\src\\components\\RuinDetail.vue","statementMap":{"0":{"start":{"line":128,"column":0},"end":{"line":128,"column":null}},"1":{"start":{"line":129,"column":0},"end":{"line":129,"column":null}},"2":{"start":{"line":130,"column":0},"end":{"line":130,"column":null}},"3":{"start":{"line":132,"column":0},"end":{"line":132,"column":15}},"4":{"start":{"line":136,"column":4},"end":{"line":136,"column":11}},"5":{"start":{"line":175,"column":6},"end":{"line":175,"column":11}},"6":{"start":{"line":179,"column":6},"end":{"line":179,"column":11}},"7":{"start":{"line":181,"column":6},"end":{"line":181,"column":11}},"8":{"start":{"line":183,"column":6},"end":{"line":190,"column":null}},"9":{"start":{"line":185,"column":31},"end":{"line":185,"column":39}},"10":{"start":{"line":186,"column":8},"end":{"line":186,"column":22}},"11":{"start":{"line":188,"column":31},"end":{"line":188,"column":39}},"12":{"start":{"line":189,"column":8},"end":{"line":189,"column":22}},"13":{"start":{"line":194,"column":6},"end":{"line":194,"column":11}},"14":{"start":{"line":196,"column":6},"end":{"line":196,"column":11}},"15":{"start":{"line":198,"column":6},"end":{"line":205,"column":null}},"16":{"start":{"line":200,"column":31},"end":{"line":200,"column":39}},"17":{"start":{"line":201,"column":8},"end":{"line":201,"column":22}},"18":{"start":{"line":203,"column":31},"end":{"line":203,"column":39}},"19":{"start":{"line":204,"column":8},"end":{"line":204,"column":22}},"20":{"start":{"line":209,"column":29},"end":{"line":209,"column":null}},"21":{"start":{"line":214,"column":6},"end":{"line":214,"column":11}},"22":{"start":{"line":218,"column":22},"end":{"line":218,"column":34}},"23":{"start":{"line":219,"column":6},"end":{"line":219,"column":15}},"24":{"start":{"line":220,"column":22},"end":{"line":220,"column":null}},"25":{"start":{"line":225,"column":6},"end":{"line":225,"column":11}},"26":{"start":{"line":229,"column":6},"end":{"line":246,"column":null}},"27":{"start":{"line":233,"column":8},"end":{"line":245,"column":null}},"28":{"start":{"line":233,"column":20},"end":{"line":233,"column":23}},"29":{"start":{"line":238,"column":10},"end":{"line":243,"column":null}},"30":{"start":{"line":241,"column":12},"end":{"line":241,"column":17}},"31":{"start":{"line":242,"column":12},"end":{"line":242,"column":null}},"32":{"start":{"line":248,"column":6},"end":{"line":248,"column":11}},"33":{"start":{"line":252,"column":6},"end":{"line":262,"column":null}},"34":{"start":{"line":254,"column":8},"end":{"line":261,"column":null}},"35":{"start":{"line":254,"column":20},"end":{"line":254,"column":23}},"36":{"start":{"line":256,"column":10},"end":{"line":260,"column":null}},"37":{"start":{"line":258,"column":12},"end":{"line":258,"column":17}},"38":{"start":{"line":259,"column":12},"end":{"line":259,"column":null}},"39":{"start":{"line":263,"column":6},"end":{"line":263,"column":11}},"40":{"start":{"line":268,"column":4},"end":{"line":268,"column":9}},"41":{"start":{"line":269,"column":4},"end":{"line":269,"column":9}},"42":{"start":{"line":273,"column":18},"end":{"line":273,"column":null}},"43":{"start":{"line":274,"column":19},"end":{"line":274,"column":null}},"44":{"start":{"line":275,"column":4},"end":{"line":275,"column":11}},"45":{"start":{"line":276,"column":4},"end":{"line":276,"column":9}},"46":{"start":{"line":277,"column":4},"end":{"line":277,"column":9}},"47":{"start":{"line":279,"column":4},"end":{"line":279,"column":11}},"48":{"start":{"line":280,"column":4},"end":{"line":280,"column":11}}},"fnMap":{"0":{"name":"(anonymous_2)","decl":{"start":{"line":135,"column":6},"end":{"line":135,"column":null}},"loc":{"start":{"line":135,"column":6},"end":{"line":154,"column":null}}},"1":{"name":"(anonymous_3)","decl":{"start":{"line":174,"column":18},"end":{"line":174,"column":null}},"loc":{"start":{"line":174,"column":18},"end":{"line":176,"column":null}}},"2":{"name":"(anonymous_4)","decl":{"start":{"line":178,"column":4},"end":{"line":178,"column":17}},"loc":{"start":{"line":178,"column":4},"end":{"line":191,"column":null}}},"3":{"name":"(anonymous_5)","decl":{"start":{"line":193,"column":4},"end":{"line":193,"column":15}},"loc":{"start":{"line":193,"column":4},"end":{"line":206,"column":null}}},"4":{"name":"(anonymous_6)","decl":{"start":{"line":208,"column":4},"end":{"line":208,"column":21}},"loc":{"start":{"line":208,"column":32},"end":{"line":215,"column":null}}},"5":{"name":"(anonymous_7)","decl":{"start":{"line":217,"column":4},"end":{"line":217,"column":16}},"loc":{"start":{"line":217,"column":4},"end":{"line":226,"column":null}}},"6":{"name":"(anonymous_8)","decl":{"start":{"line":228,"column":18},"end":{"line":228,"column":null}},"loc":{"start":{"line":228,"column":18},"end":{"line":249,"column":null}}},"7":{"name":"(anonymous_9)","decl":{"start":{"line":251,"column":16},"end":{"line":251,"column":null}},"loc":{"start":{"line":251,"column":16},"end":{"line":264,"column":null}}},"8":{"name":"(anonymous_10)","decl":{"start":{"line":267,"column":11},"end":{"line":267,"column":null}},"loc":{"start":{"line":267,"column":11},"end":{"line":270,"column":null}}},"9":{"name":"(anonymous_11)","decl":{"start":{"line":272,"column":9},"end":{"line":272,"column":null}},"loc":{"start":{"line":272,"column":9},"end":{"line":281,"column":null}}}},"branchMap":{"0":{"loc":{"start":{"line":183,"column":6},"end":{"line":190,"column":null}},"type":"if","locations":[{"start":{"line":183,"column":6},"end":{"line":190,"column":null}},{"start":{"line":187,"column":13},"end":{"line":190,"column":null}}]},"1":{"loc":{"start":{"line":198,"column":6},"end":{"line":205,"column":null}},"type":"if","locations":[{"start":{"line":198,"column":6},"end":{"line":205,"column":null}},{"start":{"line":202,"column":13},"end":{"line":205,"column":null}}]},"2":{"loc":{"start":{"line":210,"column":16},"end":{"line":210,"column":null}},"type":"cond-expr","locations":[{"start":{"line":210,"column":32},"end":{"line":210,"column":34}},{"start":{"line":210,"column":32},"end":{"line":210,"column":null}}]},"3":{"loc":{"start":{"line":210,"column":16},"end":{"line":210,"column":34}},"type":"binary-expr","locations":[{"start":{"line":210,"column":16},"end":{"line":210,"column":34}},{"start":{"line":210,"column":32},"end":{"line":210,"column":34}}]},"4":{"loc":{"start":{"line":229,"column":6},"end":{"line":246,"column":null}},"type":"if","locations":[{"start":{"line":229,"column":6},"end":{"line":246,"column":null}}]},"5":{"loc":{"start":{"line":229,"column":10},"end":{"line":229,"column":55}},"type":"cond-expr","locations":[{"start":{"line":229,"column":34},"end":{"line":229,"column":36}},{"start":{"line":229,"column":34},"end":{"line":229,"column":55}}]},"6":{"loc":{"start":{"line":229,"column":10},"end":{"line":229,"column":36}},"type":"binary-expr","locations":[{"start":{"line":229,"column":10},"end":{"line":229,"column":36}},{"start":{"line":229,"column":34},"end":{"line":229,"column":36}}]},"7":{"loc":{"start":{"line":229,"column":10},"end":{"line":229,"column":34}},"type":"cond-expr","locations":[{"start":{"line":229,"column":23},"end":{"line":229,"column":25}},{"start":{"line":229,"column":23},"end":{"line":229,"column":34}}]},"8":{"loc":{"start":{"line":229,"column":10},"end":{"line":229,"column":25}},"type":"binary-expr","locations":[{"start":{"line":229,"column":10},"end":{"line":229,"column":25}},{"start":{"line":229,"column":23},"end":{"line":229,"column":25}}]},"9":{"loc":{"start":{"line":233,"column":27},"end":{"line":233,"column":71}},"type":"cond-expr","locations":[{"start":{"line":233,"column":51},"end":{"line":233,"column":53}},{"start":{"line":233,"column":51},"end":{"line":233,"column":71}}]},"10":{"loc":{"start":{"line":233,"column":27},"end":{"line":233,"column":53}},"type":"binary-expr","locations":[{"start":{"line":233,"column":27},"end":{"line":233,"column":53}},{"start":{"line":233,"column":51},"end":{"line":233,"column":53}}]},"11":{"loc":{"start":{"line":233,"column":27},"end":{"line":233,"column":51}},"type":"cond-expr","locations":[{"start":{"line":233,"column":40},"end":{"line":233,"column":42}},{"start":{"line":233,"column":40},"end":{"line":233,"column":51}}]},"12":{"loc":{"start":{"line":233,"column":27},"end":{"line":233,"column":42}},"type":"binary-expr","locations":[{"start":{"line":233,"column":27},"end":{"line":233,"column":42}},{"start":{"line":233,"column":40},"end":{"line":233,"column":42}}]},"13":{"loc":{"start":{"line":238,"column":10},"end":{"line":243,"column":null}},"type":"if","locations":[{"start":{"line":238,"column":10},"end":{"line":243,"column":null}}]},"14":{"loc":{"start":{"line":238,"column":14},"end":{"line":238,"column":60}},"type":"cond-expr","locations":[{"start":{"line":238,"column":38},"end":{"line":238,"column":40}},{"start":{"line":238,"column":38},"end":{"line":238,"column":60}}]},"15":{"loc":{"start":{"line":238,"column":14},"end":{"line":238,"column":40}},"type":"binary-expr","locations":[{"start":{"line":238,"column":14},"end":{"line":238,"column":40}},{"start":{"line":238,"column":38},"end":{"line":238,"column":40}}]},"16":{"loc":{"start":{"line":238,"column":14},"end":{"line":238,"column":38}},"type":"cond-expr","locations":[{"start":{"line":238,"column":27},"end":{"line":238,"column":29}},{"start":{"line":238,"column":27},"end":{"line":238,"column":38}}]},"17":{"loc":{"start":{"line":238,"column":14},"end":{"line":238,"column":29}},"type":"binary-expr","locations":[{"start":{"line":238,"column":14},"end":{"line":238,"column":29}},{"start":{"line":238,"column":27},"end":{"line":238,"column":29}}]},"18":{"loc":{"start":{"line":238,"column":60},"end":{"line":238,"column":null}},"type":"cond-expr","locations":[{"start":{"line":238,"column":76},"end":{"line":238,"column":78}},{"start":{"line":238,"column":76},"end":{"line":238,"column":null}}]},"19":{"loc":{"start":{"line":238,"column":60},"end":{"line":238,"column":78}},"type":"binary-expr","locations":[{"start":{"line":238,"column":60},"end":{"line":238,"column":78}},{"start":{"line":238,"column":76},"end":{"line":238,"column":78}}]},"20":{"loc":{"start":{"line":252,"column":6},"end":{"line":262,"column":null}},"type":"if","locations":[{"start":{"line":252,"column":6},"end":{"line":262,"column":null}}]},"21":{"loc":{"start":{"line":252,"column":10},"end":{"line":252,"column":54}},"type":"cond-expr","locations":[{"start":{"line":252,"column":43},"end":{"line":252,"column":45}},{"start":{"line":252,"column":43},"end":{"line":252,"column":54}}]},"22":{"loc":{"start":{"line":252,"column":10},"end":{"line":252,"column":45}},"type":"binary-expr","locations":[{"start":{"line":252,"column":10},"end":{"line":252,"column":45}},{"start":{"line":252,"column":43},"end":{"line":252,"column":45}}]},"23":{"loc":{"start":{"line":252,"column":10},"end":{"line":252,"column":43}},"type":"cond-expr","locations":[{"start":{"line":252,"column":34},"end":{"line":252,"column":36}},{"start":{"line":252,"column":34},"end":{"line":252,"column":43}}]},"24":{"loc":{"start":{"line":252,"column":10},"end":{"line":252,"column":36}},"type":"binary-expr","locations":[{"start":{"line":252,"column":10},"end":{"line":252,"column":36}},{"start":{"line":252,"column":34},"end":{"line":252,"column":36}}]},"25":{"loc":{"start":{"line":252,"column":10},"end":{"line":252,"column":34}},"type":"cond-expr","locations":[{"start":{"line":252,"column":23},"end":{"line":252,"column":25}},{"start":{"line":252,"column":23},"end":{"line":252,"column":34}}]},"26":{"loc":{"start":{"line":252,"column":10},"end":{"line":252,"column":25}},"type":"binary-expr","locations":[{"start":{"line":252,"column":10},"end":{"line":252,"column":25}},{"start":{"line":252,"column":23},"end":{"line":252,"column":25}}]},"27":{"loc":{"start":{"line":254,"column":27},"end":{"line":254,"column":69}},"type":"cond-expr","locations":[{"start":{"line":254,"column":51},"end":{"line":254,"column":53}},{"start":{"line":254,"column":51},"end":{"line":254,"column":69}}]},"28":{"loc":{"start":{"line":254,"column":27},"end":{"line":254,"column":53}},"type":"binary-expr","locations":[{"start":{"line":254,"column":27},"end":{"line":254,"column":53}},{"start":{"line":254,"column":51},"end":{"line":254,"column":53}}]},"29":{"loc":{"start":{"line":254,"column":27},"end":{"line":254,"column":51}},"type":"cond-expr","locations":[{"start":{"line":254,"column":40},"end":{"line":254,"column":42}},{"start":{"line":254,"column":40},"end":{"line":254,"column":51}}]},"30":{"loc":{"start":{"line":254,"column":27},"end":{"line":254,"column":42}},"type":"binary-expr","locations":[{"start":{"line":254,"column":27},"end":{"line":254,"column":42}},{"start":{"line":254,"column":40},"end":{"line":254,"column":42}}]},"31":{"loc":{"start":{"line":256,"column":10},"end":{"line":260,"column":null}},"type":"if","locations":[{"start":{"line":256,"column":10},"end":{"line":260,"column":null}}]},"32":{"loc":{"start":{"line":256,"column":14},"end":{"line":256,"column":58}},"type":"cond-expr","locations":[{"start":{"line":256,"column":38},"end":{"line":256,"column":40}},{"start":{"line":256,"column":38},"end":{"line":256,"column":58}}]},"33":{"loc":{"start":{"line":256,"column":14},"end":{"line":256,"column":40}},"type":"binary-expr","locations":[{"start":{"line":256,"column":14},"end":{"line":256,"column":40}},{"start":{"line":256,"column":38},"end":{"line":256,"column":40}}]},"34":{"loc":{"start":{"line":256,"column":14},"end":{"line":256,"column":38}},"type":"cond-expr","locations":[{"start":{"line":256,"column":27},"end":{"line":256,"column":29}},{"start":{"line":256,"column":27},"end":{"line":256,"column":38}}]},"35":{"loc":{"start":{"line":256,"column":14},"end":{"line":256,"column":29}},"type":"binary-expr","locations":[{"start":{"line":256,"column":14},"end":{"line":256,"column":29}},{"start":{"line":256,"column":27},"end":{"line":256,"column":29}}]},"36":{"loc":{"start":{"line":256,"column":58},"end":{"line":256,"column":null}},"type":"cond-expr","locations":[{"start":{"line":256,"column":74},"end":{"line":256,"column":76}},{"start":{"line":256,"column":74},"end":{"line":256,"column":null}}]},"37":{"loc":{"start":{"line":256,"column":58},"end":{"line":256,"column":76}},"type":"binary-expr","locations":[{"start":{"line":256,"column":58},"end":{"line":256,"column":76}},{"start":{"line":256,"column":74},"end":{"line":256,"column":76}}]},"38":{"loc":{"start":{"line":280,"column":16},"end":{"line":280,"column":42}},"type":"cond-expr","locations":[{"start":{"line":280,"column":29},"end":{"line":280,"column":31}},{"start":{"line":280,"column":29},"end":{"line":280,"column":42}}]},"39":{"loc":{"start":{"line":280,"column":16},"end":{"line":280,"column":31}},"type":"binary-expr","locations":[{"start":{"line":280,"column":16},"end":{"line":280,"column":31}},{"start":{"line":280,"column":29},"end":{"line":280,"column":31}}]}},"s":{"0":0,"1":0,"2":0,"3":0,"4":0,"5":0,"6":0,"7":0,"8":0,"9":0,"10":0,"11":0,"12":0,"13":0,"14":0,"15":0,"16":0,"17":0,"18":0,"19":0,"20":0,"21":0,"22":0,"23":0,"24":0,"25":0,"26":0,"27":0,"28":0,"29":0,"30":0,"31":0,"32":0,"33":0,"34":0,"35":0,"36":0,"37":0,"38":0,"39":0,"40":0,"41":0,"42":0,"43":0,"44":0,"45":0,"46":0,"47":0,"48":0},"f":{"0":0,"1":0,"2":0,"3":0,"4":0,"5":0,"6":0,"7":0,"8":0,"9":0},"b":{"0":[0,0],"1":[0,0],"2":[0,0],"3":[0,0],"4":[0],"5":[0,0],"6":[0,0],"7":[0,0],"8":[0,0],"9":[0,0],"10":[0,0],"11":[0,0],"12":[0,0],"13":[0],"14":[0,0],"15":[0,0],"16":[0,0],"17":[0,0],"18":[0,0],"19":[0,0],"20":[0],"21":[0,0],"22":[0,0],"23":[0,0],"24":[0,0],"25":[0,0],"26":[0,0],"27":[0,0],"28":[0,0],"29":[0,0],"30":[0,0],"31":[0],"32":[0,0],"33":[0,0],"34":[0,0],"35":[0,0],"36":[0,0],"37":[0,0],"38":[0,0],"39":[0,0]}}
,"F:\\ISDICoders\\Final\\Inigo-Panos_Front-Final-Project-202201-MAD\\src\\components\\RuinList.vue": {"path":"F:\\ISDICoders\\Final\\Inigo-Panos_Front-Final-Project-202201-MAD\\src\\components\\RuinList.vue","statementMap":{"0":{"start":{"line":40,"column":0},"end":{"line":40,"column":null}},"1":{"start":{"line":41,"column":0},"end":{"line":41,"column":null}},"2":{"start":{"line":42,"column":0},"end":{"line":42,"column":null}},"3":{"start":{"line":44,"column":0},"end":{"line":44,"column":15}},"4":{"start":{"line":47,"column":8},"end":{"line":47,"column":15}},"5":{"start":{"line":55,"column":8},"end":{"line":55,"column":13}}},"fnMap":{"0":{"name":"(anonymous_3)","decl":{"start":{"line":46,"column":8},"end":{"line":46,"column":null}},"loc":{"start":{"line":46,"column":8},"end":{"line":50,"column":null}}},"1":{"name":"(anonymous_4)","decl":{"start":{"line":54,"column":11},"end":{"line":54,"column":null}},"loc":{"start":{"line":54,"column":11},"end":{"line":56,"column":null}}}},"branchMap":{},"s":{"0":0,"1":0,"2":0,"3":0,"4":0,"5":0},"f":{"0":0,"1":0},"b":{}}
,"F:\\ISDICoders\\Final\\Inigo-Panos_Front-Final-Project-202201-MAD\\src\\components\\UpdateRuin.vue": {"path":"F:\\ISDICoders\\Final\\Inigo-Panos_Front-Final-Project-202201-MAD\\src\\components\\UpdateRuin.vue","statementMap":{"0":{"start":{"line":53,"column":0},"end":{"line":53,"column":null}},"1":{"start":{"line":54,"column":0},"end":{"line":54,"column":null}},"2":{"start":{"line":55,"column":0},"end":{"line":55,"column":null}},"3":{"start":{"line":57,"column":0},"end":{"line":57,"column":15}},"4":{"start":{"line":60,"column":4},"end":{"line":60,"column":11}},"5":{"start":{"line":81,"column":6},"end":{"line":81,"column":11}},"6":{"start":{"line":82,"column":6},"end":{"line":82,"column":11}},"7":{"start":{"line":84,"column":6},"end":{"line":84,"column":11}},"8":{"start":{"line":94,"column":18},"end":{"line":94,"column":null}},"9":{"start":{"line":95,"column":19},"end":{"line":95,"column":null}},"10":{"start":{"line":96,"column":4},"end":{"line":96,"column":9}}},"fnMap":{"0":{"name":"(anonymous_2)","decl":{"start":{"line":59,"column":6},"end":{"line":59,"column":null}},"loc":{"start":{"line":59,"column":6},"end":{"line":75,"column":null}}},"1":{"name":"(anonymous_3)","decl":{"start":{"line":80,"column":16},"end":{"line":80,"column":null}},"loc":{"start":{"line":80,"column":16},"end":{"line":85,"column":null}}},"2":{"name":"(anonymous_4)","decl":{"start":{"line":93,"column":9},"end":{"line":93,"column":null}},"loc":{"start":{"line":93,"column":9},"end":{"line":97,"column":null}}}},"branchMap":{},"s":{"0":0,"1":0,"2":0,"3":0,"4":0,"5":0,"6":0,"7":0,"8":0,"9":0,"10":0},"f":{"0":0,"1":0,"2":0},"b":{}}
,"F:\\ISDICoders\\Final\\Inigo-Panos_Front-Final-Project-202201-MAD\\src\\components\\UserData.vue": {"path":"F:\\ISDICoders\\Final\\Inigo-Panos_Front-Final-Project-202201-MAD\\src\\components\\UserData.vue","statementMap":{"0":{"start":{"line":45,"column":0},"end":{"line":45,"column":null}},"1":{"start":{"line":46,"column":0},"end":{"line":46,"column":null}},"2":{"start":{"line":48,"column":0},"end":{"line":48,"column":15}},"3":{"start":{"line":52,"column":4},"end":{"line":52,"column":11}},"4":{"start":{"line":66,"column":4},"end":{"line":69,"column":null}},"5":{"start":{"line":67,"column":24},"end":{"line":67,"column":36}},"6":{"start":{"line":68,"column":6},"end":{"line":68,"column":11}},"7":{"start":{"line":75,"column":6},"end":{"line":75,"column":11}},"8":{"start":{"line":76,"column":6},"end":{"line":78,"column":null}},"9":{"start":{"line":77,"column":8},"end":{"line":77,"column":20}},"10":{"start":{"line":79,"column":6},"end":{"line":79,"column":11}}},"fnMap":{"0":{"name":"(anonymous_2)","decl":{"start":{"line":51,"column":6},"end":{"line":51,"column":null}},"loc":{"start":{"line":51,"column":6},"end":{"line":58,"column":null}}},"1":{"name":"(anonymous_3)","decl":{"start":{"line":65,"column":9},"end":{"line":65,"column":null}},"loc":{"start":{"line":65,"column":9},"end":{"line":70,"column":null}}},"2":{"name":"(anonymous_4)","decl":{"start":{"line":74,"column":16},"end":{"line":74,"column":null}},"loc":{"start":{"line":74,"column":16},"end":{"line":80,"column":null}}}},"branchMap":{"0":{"loc":{"start":{"line":66,"column":4},"end":{"line":69,"column":null}},"type":"if","locations":[{"start":{"line":66,"column":4},"end":{"line":69,"column":null}}]},"1":{"loc":{"start":{"line":76,"column":6},"end":{"line":78,"column":null}},"type":"if","locations":[{"start":{"line":76,"column":6},"end":{"line":78,"column":null}}]}},"s":{"0":1,"1":1,"2":1,"3":2,"4":2,"5":1,"6":1,"7":0,"8":0,"9":0,"10":0},"f":{"0":2,"1":2,"2":0},"b":{"0":[1],"1":[0]}}
,"F:\\ISDICoders\\Final\\Inigo-Panos_Front-Final-Project-202201-MAD\\src\\router\\index.ts": {"path":"F:\\ISDICoders\\Final\\Inigo-Panos_Front-Final-Project-202201-MAD\\src\\router\\index.ts","statementMap":{"0":{"start":{"line":1,"column":0},"end":{"line":1,"column":null}},"1":{"start":{"line":2,"column":0},"end":{"line":2,"column":null}},"2":{"start":{"line":3,"column":0},"end":{"line":3,"column":null}},"3":{"start":{"line":4,"column":0},"end":{"line":4,"column":null}},"4":{"start":{"line":5,"column":0},"end":{"line":5,"column":null}},"5":{"start":{"line":6,"column":0},"end":{"line":6,"column":null}},"6":{"start":{"line":7,"column":0},"end":{"line":7,"column":null}},"7":{"start":{"line":8,"column":0},"end":{"line":8,"column":null}},"8":{"start":{"line":9,"column":0},"end":{"line":9,"column":null}},"9":{"start":{"line":11,"column":38},"end":{"line":11,"column":null}},"10":{"start":{"line":60,"column":20},"end":{"line":60,"column":28}},"11":{"start":{"line":69,"column":9},"end":{"line":69,"column":null}},"12":{"start":{"line":64,"column":15},"end":{"line":64,"column":28}},"13":{"start":{"line":70,"column":0},"end":{"line":70,"column":15}}},"fnMap":{"0":{"name":"(anonymous_7)","decl":{"start":{"line":60,"column":15},"end":{"line":60,"column":20}},"loc":{"start":{"line":60,"column":20},"end":{"line":60,"column":28}}},"1":{"name":"(anonymous_8)","decl":{"start":{"line":60,"column":20},"end":{"line":60,"column":28}},"loc":{"start":{"line":60,"column":20},"end":{"line":60,"column":28}}}},"branchMap":{},"s":{"0":0,"1":0,"2":0,"3":0,"4":0,"5":0,"6":0,"7":0,"8":0,"9":0,"10":0,"11":0,"12":0,"13":0},"f":{"0":0,"1":0},"b":{}}
,"F:\\ISDICoders\\Final\\Inigo-Panos_Front-Final-Project-202201-MAD\\src\\router\\places.service.ts": {"path":"F:\\ISDICoders\\Final\\Inigo-Panos_Front-Final-Project-202201-MAD\\src\\router\\places.service.ts","statementMap":{"0":{"start":{"line":1,"column":0},"end":{"line":1,"column":null}},"1":{"start":{"line":3,"column":0},"end":{"line":3,"column":null}},"2":{"start":{"line":5,"column":31},"end":{"line":21,"column":null}},"3":{"start":{"line":6,"column":18},"end":{"line":6,"column":null}},"4":{"start":{"line":8,"column":4},"end":{"line":8,"column":14}},"5":{"start":{"line":9,"column":8},"end":{"line":12,"column":null}},"6":{"start":{"line":11,"column":12},"end":{"line":11,"column":17}},"7":{"start":{"line":15,"column":4},"end":{"line":15,"column":11}},"8":{"start":{"line":17,"column":4},"end":{"line":17,"column":10}},"9":{"start":{"line":18,"column":34},"end":{"line":18,"column":null}},"10":{"start":{"line":19,"column":37},"end":{"line":19,"column":null}},"11":{"start":{"line":5,"column":13},"end":{"line":5,"column":28}}},"fnMap":{"0":{"name":"(anonymous_0)","decl":{"start":{"line":5,"column":31},"end":{"line":5,"column":36}},"loc":{"start":{"line":5,"column":36},"end":{"line":21,"column":null}}},"1":{"name":"(anonymous_1)","decl":{"start":{"line":8,"column":14},"end":{"line":8,"column":19}},"loc":{"start":{"line":8,"column":19},"end":{"line":13,"column":null}}},"2":{"name":"(anonymous_2)","decl":{"start":{"line":18,"column":28},"end":{"line":18,"column":34}},"loc":{"start":{"line":18,"column":34},"end":{"line":18,"column":null}}},"3":{"name":"(anonymous_3)","decl":{"start":{"line":19,"column":31},"end":{"line":19,"column":37}},"loc":{"start":{"line":19,"column":37},"end":{"line":19,"column":null}}}},"branchMap":{"0":{"loc":{"start":{"line":9,"column":8},"end":{"line":12,"column":null}},"type":"if","locations":[{"start":{"line":9,"column":8},"end":{"line":12,"column":null}}]}},"s":{"0":0,"1":0,"2":0,"3":0,"4":0,"5":0,"6":0,"7":0,"8":0,"9":0,"10":0,"11":0},"f":{"0":0,"1":0,"2":0,"3":0},"b":{"0":[0]}}
,"F:\\ISDICoders\\Final\\Inigo-Panos_Front-Final-Project-202201-MAD\\src\\router\\ruins.service.ts": {"path":"F:\\ISDICoders\\Final\\Inigo-Panos_Front-Final-Project-202201-MAD\\src\\router\\ruins.service.ts","statementMap":{"0":{"start":{"line":1,"column":0},"end":{"line":1,"column":null}},"1":{"start":{"line":4,"column":18},"end":{"line":4,"column":null}},"2":{"start":{"line":6,"column":13},"end":{"line":6,"column":29}},"3":{"start":{"line":19,"column":2},"end":{"line":19,"column":9}},"4":{"start":{"line":18,"column":0},"end":{"line":18,"column":16}},"5":{"start":{"line":23,"column":2},"end":{"line":23,"column":9}},"6":{"start":{"line":22,"column":0},"end":{"line":22,"column":16}},"7":{"start":{"line":31,"column":2},"end":{"line":31,"column":9}},"8":{"start":{"line":30,"column":0},"end":{"line":30,"column":16}},"9":{"start":{"line":39,"column":2},"end":{"line":39,"column":9}},"10":{"start":{"line":38,"column":0},"end":{"line":38,"column":16}},"11":{"start":{"line":47,"column":2},"end":{"line":47,"column":9}},"12":{"start":{"line":46,"column":0},"end":{"line":46,"column":16}},"13":{"start":{"line":54,"column":2},"end":{"line":54,"column":9}},"14":{"start":{"line":53,"column":0},"end":{"line":53,"column":16}},"15":{"start":{"line":62,"column":2},"end":{"line":62,"column":9}},"16":{"start":{"line":61,"column":0},"end":{"line":61,"column":16}},"17":{"start":{"line":70,"column":2},"end":{"line":70,"column":9}},"18":{"start":{"line":69,"column":0},"end":{"line":69,"column":16}},"19":{"start":{"line":78,"column":2},"end":{"line":78,"column":9}},"20":{"start":{"line":77,"column":0},"end":{"line":77,"column":16}},"21":{"start":{"line":82,"column":2},"end":{"line":82,"column":9}},"22":{"start":{"line":81,"column":0},"end":{"line":81,"column":16}}},"fnMap":{"0":{"name":"getToken","decl":{"start":{"line":18,"column":16},"end":{"line":18,"column":24}},"loc":{"start":{"line":18,"column":24},"end":{"line":20,"column":null}}},"1":{"name":"updateRuin","decl":{"start":{"line":22,"column":16},"end":{"line":22,"column":27}},"loc":{"start":{"line":22,"column":39},"end":{"line":28,"column":null}}},"2":{"name":"newCommentOnRuin","decl":{"start":{"line":30,"column":16},"end":{"line":30,"column":33}},"loc":{"start":{"line":30,"column":45},"end":{"line":36,"column":null}}},"3":{"name":"deleteComment","decl":{"start":{"line":38,"column":16},"end":{"line":38,"column":30}},"loc":{"start":{"line":38,"column":42},"end":{"line":44,"column":null}}},"4":{"name":"addToFavoritesToggle","decl":{"start":{"line":46,"column":16},"end":{"line":46,"column":37}},"loc":{"start":{"line":46,"column":47},"end":{"line":52,"column":null}}},"5":{"name":"addToVisitedToggle","decl":{"start":{"line":53,"column":16},"end":{"line":53,"column":35}},"loc":{"start":{"line":53,"column":45},"end":{"line":59,"column":null}}},"6":{"name":"createNewRuin","decl":{"start":{"line":61,"column":16},"end":{"line":61,"column":30}},"loc":{"start":{"line":61,"column":47},"end":{"line":67,"column":null}}},"7":{"name":"deleteRuin","decl":{"start":{"line":69,"column":16},"end":{"line":69,"column":27}},"loc":{"start":{"line":69,"column":37},"end":{"line":75,"column":null}}},"8":{"name":"getAllRuins","decl":{"start":{"line":77,"column":16},"end":{"line":77,"column":27}},"loc":{"start":{"line":77,"column":27},"end":{"line":79,"column":null}}},"9":{"name":"getRuinDetails","decl":{"start":{"line":81,"column":16},"end":{"line":81,"column":31}},"loc":{"start":{"line":81,"column":41},"end":{"line":83,"column":null}}}},"branchMap":{},"s":{"0":1,"1":1,"2":1,"3":7,"4":1,"5":1,"6":1,"7":1,"8":1,"9":1,"10":1,"11":1,"12":1,"13":1,"14":1,"15":1,"16":1,"17":1,"18":1,"19":1,"20":1,"21":1,"22":1},"f":{"0":7,"1":1,"2":1,"3":1,"4":1,"5":1,"6":1,"7":1,"8":1,"9":1},"b":{}}
,"F:\\ISDICoders\\Final\\Inigo-Panos_Front-Final-Project-202201-MAD\\src\\router\\users.service.ts": {"path":"F:\\ISDICoders\\Final\\Inigo-Panos_Front-Final-Project-202201-MAD\\src\\router\\users.service.ts","statementMap":{"0":{"start":{"line":1,"column":0},"end":{"line":1,"column":null}},"1":{"start":{"line":4,"column":18},"end":{"line":4,"column":null}},"2":{"start":{"line":6,"column":13},"end":{"line":6,"column":28}},"3":{"start":{"line":15,"column":2},"end":{"line":15,"column":9}},"4":{"start":{"line":16,"column":2},"end":{"line":16,"column":9}},"5":{"start":{"line":20,"column":2},"end":{"line":20,"column":9}},"6":{"start":{"line":19,"column":0},"end":{"line":19,"column":16}},"7":{"start":{"line":24,"column":2},"end":{"line":24,"column":9}},"8":{"start":{"line":23,"column":0},"end":{"line":23,"column":16}},"9":{"start":{"line":28,"column":2},"end":{"line":28,"column":9}},"10":{"start":{"line":27,"column":0},"end":{"line":27,"column":16}},"11":{"start":{"line":40,"column":2},"end":{"line":40,"column":14}},"12":{"start":{"line":39,"column":0},"end":{"line":39,"column":16}},"13":{"start":{"line":43,"column":2},"end":{"line":43,"column":9}},"14":{"start":{"line":42,"column":0},"end":{"line":42,"column":16}}},"fnMap":{"0":{"name":"getToken","decl":{"start":{"line":14,"column":9},"end":{"line":14,"column":17}},"loc":{"start":{"line":14,"column":17},"end":{"line":17,"column":null}}},"1":{"name":"register","decl":{"start":{"line":19,"column":16},"end":{"line":19,"column":25}},"loc":{"start":{"line":19,"column":44},"end":{"line":21,"column":null}}},"2":{"name":"login","decl":{"start":{"line":23,"column":16},"end":{"line":23,"column":22}},"loc":{"start":{"line":23,"column":38},"end":{"line":25,"column":null}}},"3":{"name":"loginUsingToken","decl":{"start":{"line":27,"column":16},"end":{"line":27,"column":32}},"loc":{"start":{"line":27,"column":42},"end":{"line":37,"column":null}}},"4":{"name":"logout","decl":{"start":{"line":39,"column":16},"end":{"line":39,"column":22}},"loc":{"start":{"line":39,"column":22},"end":{"line":41,"column":null}}},"5":{"name":"getData","decl":{"start":{"line":42,"column":16},"end":{"line":42,"column":24}},"loc":{"start":{"line":42,"column":31},"end":{"line":44,"column":null}}}},"branchMap":{},"s":{"0":1,"1":1,"2":1,"3":1,"4":1,"5":1,"6":1,"7":1,"8":1,"9":1,"10":1,"11":0,"12":1,"13":1,"14":1},"f":{"0":1,"1":1,"2":1,"3":1,"4":0,"5":1},"b":{}}
}
