TN:
SF:src\App.vue
FN:56,(anonymous_2)
FN:70,(anonymous_3)
FN:75,(anonymous_4)
FNF:3
FNH:0
FNDA:0,(anonymous_2)
FNDA:0,(anonymous_3)
FNDA:0,(anonymous_4)
DA:52,0
DA:53,0
DA:55,0
DA:57,0
DA:71,0
DA:76,0
LF:6
LH:0
BRF:0
BRH:0
end_of_record
TN:
SF:src\firebase.ts
FNF:0
FNH:0
DA:1,0
DA:2,0
DA:3,0
DA:8,0
DA:18,0
DA:19,0
LF:6
LH:0
BRF:0
BRH:0
end_of_record
TN:
SF:src\_helpers\auth.header.ts
FN:1,authHeader
FNF:1
FNH:1
FNDA:2,authHeader
DA:1,1
DA:3,2
DA:5,2
DA:6,1
DA:9,1
LF:5
LH:5
BRDA:5,0,0,1
BRDA:5,1,0,2
BRDA:5,1,1,1
BRF:3
BRH:3
end_of_record
TN:
SF:src\_helpers\config.ts
FNF:0
FNH:0
DA:1,0
DA:3,0
DA:5,0
LF:3
LH:0
BRF:0
BRH:0
end_of_record
TN:
SF:src\components\BaseMap.vue
FN:28,(anonymous_16)
FN:58,(anonymous_17)
FN:79,(anonymous_18)
FN:117,(anonymous_21)
FN:125,(anonymous_24)
FN:133,(anonymous_25)
FN:162,(anonymous_26)
FNF:7
FNH:0
FNDA:0,(anonymous_16)
FNDA:0,(anonymous_17)
FNDA:0,(anonymous_18)
FNDA:0,(anonymous_21)
FNDA:0,(anonymous_24)
FNDA:0,(anonymous_25)
FNDA:0,(anonymous_26)
DA:19,0
DA:20,0
DA:21,0
DA:22,0
DA:23,0
DA:25,0
DA:29,0
DA:30,0
DA:59,0
DA:60,0
DA:62,0
DA:64,0
DA:65,0
DA:67,0
DA:68,0
DA:70,0
DA:71,0
DA:74,0
DA:75,0
DA:81,0
DA:82,0
DA:84,0
DA:86,0
DA:92,0
DA:99,0
DA:100,0
DA:101,0
DA:102,0
DA:106,0
DA:107,0
DA:108,0
DA:109,0
DA:111,0
DA:118,0
DA:119,0
DA:121,0
DA:126,0
DA:127,0
DA:128,0
DA:130,0
DA:134,0
DA:136,0
DA:137,0
DA:139,0
DA:140,0
DA:141,0
DA:143,0
DA:144,0
DA:145,0
DA:150,0
DA:152,0
DA:163,0
DA:164,0
DA:166,0
DA:167,0
LF:55
LH:0
BRDA:128,0,0,0
BRDA:128,0,1,0
BRDA:128,1,0,0
BRDA:128,1,1,0
BRDA:128,2,0,0
BRDA:128,2,1,0
BRDA:128,3,0,0
BRDA:128,3,1,0
BRDA:134,4,0,0
BRDA:134,4,1,0
BRDA:134,5,0,0
BRDA:134,5,1,0
BRDA:139,6,0,0
BRDA:139,6,1,0
BRDA:139,7,0,0
BRDA:139,7,1,0
BRDA:140,8,0,0
BRDA:143,9,0,0
BRDA:164,10,0,0
BRF:19
BRH:0
end_of_record
TN:
SF:src\components\CreateRuin.vue
FN:82,(anonymous_2)
FN:109,(anonymous_3)
FN:114,(anonymous_4)
FN:115,(anonymous_5)
FN:121,(anonymous_6)
FN:126,(anonymous_7)
FNF:6
FNH:0
FNDA:0,(anonymous_2)
FNDA:0,(anonymous_3)
FNDA:0,(anonymous_4)
FNDA:0,(anonymous_5)
FNDA:0,(anonymous_6)
FNDA:0,(anonymous_7)
DA:73,0
DA:74,0
DA:75,0
DA:76,0
DA:77,0
DA:78,0
DA:80,0
DA:83,0
DA:109,0
DA:110,0
DA:112,0
DA:114,0
DA:115,0
DA:116,0
DA:117,0
DA:123,0
DA:127,0
DA:128,0
DA:129,0
LF:19
LH:0
BRF:0
BRH:0
end_of_record
TN:
SF:src\components\HelloWorld.vue
FNF:0
FNH:0
DA:40,1
DA:42,1
LF:2
LH:2
BRF:0
BRH:0
end_of_record
TN:
SF:src\components\Login.vue
FN:52,(anonymous_2)
FN:62,(anonymous_3)
FN:68,(anonymous_4)
FNF:3
FNH:0
FNDA:0,(anonymous_2)
FNDA:0,(anonymous_3)
FNDA:0,(anonymous_4)
DA:47,1
DA:48,1
DA:50,1
DA:53,0
DA:63,0
DA:64,0
DA:69,0
DA:70,0
DA:71,0
DA:72,0
LF:10
LH:3
BRDA:71,0,0,0
BRDA:71,1,0,0
BRDA:71,1,1,0
BRF:3
BRH:0
end_of_record
TN:
SF:src\components\Register.vue
FN:47,(anonymous_2)
FN:62,(anonymous_3)
FN:66,(anonymous_4)
FNF:3
FNH:0
FNDA:0,(anonymous_2)
FNDA:0,(anonymous_3)
FNDA:0,(anonymous_4)
DA:42,0
DA:43,0
DA:45,0
DA:48,0
DA:63,0
DA:64,0
DA:66,0
DA:67,0
LF:8
LH:0
BRDA:64,0,0,0
BRDA:64,1,0,0
BRDA:64,1,1,0
BRF:3
BRH:0
end_of_record
TN:
SF:src\components\RuinDetail.vue
FN:135,(anonymous_2)
FN:174,(anonymous_3)
FN:178,(anonymous_4)
FN:193,(anonymous_5)
FN:208,(anonymous_6)
FN:217,(anonymous_7)
FN:228,(anonymous_8)
FN:251,(anonymous_9)
FN:267,(anonymous_10)
FN:272,(anonymous_11)
FNF:10
FNH:0
FNDA:0,(anonymous_2)
FNDA:0,(anonymous_3)
FNDA:0,(anonymous_4)
FNDA:0,(anonymous_5)
FNDA:0,(anonymous_6)
FNDA:0,(anonymous_7)
FNDA:0,(anonymous_8)
FNDA:0,(anonymous_9)
FNDA:0,(anonymous_10)
FNDA:0,(anonymous_11)
DA:128,0
DA:129,0
DA:130,0
DA:132,0
DA:136,0
DA:175,0
DA:179,0
DA:181,0
DA:183,0
DA:185,0
DA:186,0
DA:188,0
DA:189,0
DA:194,0
DA:196,0
DA:198,0
DA:200,0
DA:201,0
DA:203,0
DA:204,0
DA:209,0
DA:214,0
DA:218,0
DA:219,0
DA:220,0
DA:225,0
DA:229,0
DA:233,0
DA:238,0
DA:241,0
DA:242,0
DA:248,0
DA:252,0
DA:254,0
DA:256,0
DA:258,0
DA:259,0
DA:263,0
DA:268,0
DA:269,0
DA:273,0
DA:274,0
DA:275,0
DA:276,0
DA:277,0
DA:279,0
DA:280,0
LF:47
LH:0
BRDA:183,0,0,0
BRDA:183,0,1,0
BRDA:198,1,0,0
BRDA:198,1,1,0
BRDA:210,2,0,0
BRDA:210,2,1,0
BRDA:210,3,0,0
BRDA:210,3,1,0
BRDA:229,4,0,0
BRDA:229,5,0,0
BRDA:229,5,1,0
BRDA:229,6,0,0
BRDA:229,6,1,0
BRDA:229,7,0,0
BRDA:229,7,1,0
BRDA:229,8,0,0
BRDA:229,8,1,0
BRDA:233,9,0,0
BRDA:233,9,1,0
BRDA:233,10,0,0
BRDA:233,10,1,0
BRDA:233,11,0,0
BRDA:233,11,1,0
BRDA:233,12,0,0
BRDA:233,12,1,0
BRDA:238,13,0,0
BRDA:238,14,0,0
BRDA:238,14,1,0
BRDA:238,15,0,0
BRDA:238,15,1,0
BRDA:238,16,0,0
BRDA:238,16,1,0
BRDA:238,17,0,0
BRDA:238,17,1,0
BRDA:238,18,0,0
BRDA:238,18,1,0
BRDA:238,19,0,0
BRDA:238,19,1,0
BRDA:252,20,0,0
BRDA:252,21,0,0
BRDA:252,21,1,0
BRDA:252,22,0,0
BRDA:252,22,1,0
BRDA:252,23,0,0
BRDA:252,23,1,0
BRDA:252,24,0,0
BRDA:252,24,1,0
BRDA:252,25,0,0
BRDA:252,25,1,0
BRDA:252,26,0,0
BRDA:252,26,1,0
BRDA:254,27,0,0
BRDA:254,27,1,0
BRDA:254,28,0,0
BRDA:254,28,1,0
BRDA:254,29,0,0
BRDA:254,29,1,0
BRDA:254,30,0,0
BRDA:254,30,1,0
BRDA:256,31,0,0
BRDA:256,32,0,0
BRDA:256,32,1,0
BRDA:256,33,0,0
BRDA:256,33,1,0
BRDA:256,34,0,0
BRDA:256,34,1,0
BRDA:256,35,0,0
BRDA:256,35,1,0
BRDA:256,36,0,0
BRDA:256,36,1,0
BRDA:256,37,0,0
BRDA:256,37,1,0
BRDA:280,38,0,0
BRDA:280,38,1,0
BRDA:280,39,0,0
BRDA:280,39,1,0
BRF:76
BRH:0
end_of_record
TN:
SF:src\components\RuinList.vue
FN:46,(anonymous_3)
FN:54,(anonymous_4)
FNF:2
FNH:0
FNDA:0,(anonymous_3)
FNDA:0,(anonymous_4)
DA:40,0
DA:41,0
DA:42,0
DA:44,0
DA:47,0
DA:55,0
LF:6
LH:0
BRF:0
BRH:0
end_of_record
TN:
SF:src\components\UpdateRuin.vue
FN:59,(anonymous_2)
FN:80,(anonymous_3)
FN:93,(anonymous_4)
FNF:3
FNH:0
FNDA:0,(anonymous_2)
FNDA:0,(anonymous_3)
FNDA:0,(anonymous_4)
DA:53,0
DA:54,0
DA:55,0
DA:57,0
DA:60,0
DA:81,0
DA:82,0
DA:84,0
DA:94,0
DA:95,0
DA:96,0
LF:11
LH:0
BRF:0
BRH:0
end_of_record
TN:
SF:src\components\UserData.vue
FN:51,(anonymous_2)
FN:65,(anonymous_3)
FN:74,(anonymous_4)
FNF:3
FNH:2
FNDA:2,(anonymous_2)
FNDA:2,(anonymous_3)
FNDA:0,(anonymous_4)
DA:45,1
DA:46,1
DA:48,1
DA:52,2
DA:66,2
DA:67,1
DA:68,1
DA:75,0
DA:76,0
DA:77,0
DA:79,0
LF:11
LH:7
BRDA:66,0,0,1
BRDA:76,1,0,0
BRF:2
BRH:1
end_of_record
TN:
SF:src\router\index.ts
FN:60,(anonymous_7)
FN:60,(anonymous_8)
FNF:2
FNH:0
FNDA:0,(anonymous_7)
FNDA:0,(anonymous_8)
DA:1,0
DA:2,0
DA:3,0
DA:4,0
DA:5,0
DA:6,0
DA:7,0
DA:8,0
DA:9,0
DA:11,0
DA:60,0
DA:64,0
DA:69,0
DA:70,0
LF:14
LH:0
BRF:0
BRH:0
end_of_record
TN:
SF:src\router\places.service.ts
FN:5,(anonymous_0)
FN:8,(anonymous_1)
FN:18,(anonymous_2)
FN:19,(anonymous_3)
FNF:4
FNH:0
FNDA:0,(anonymous_0)
FNDA:0,(anonymous_1)
FNDA:0,(anonymous_2)
FNDA:0,(anonymous_3)
DA:1,0
DA:3,0
DA:5,0
DA:6,0
DA:8,0
DA:9,0
DA:11,0
DA:15,0
DA:17,0
DA:18,0
DA:19,0
LF:11
LH:0
BRDA:9,0,0,0
BRF:1
BRH:0
end_of_record
TN:
SF:src\router\ruins.service.ts
FN:18,getToken
FN:22,updateRuin
FN:30,newCommentOnRuin
FN:38,deleteComment
FN:46,addToFavoritesToggle
FN:53,addToVisitedToggle
FN:61,createNewRuin
FN:69,deleteRuin
FN:77,getAllRuins
FN:81,getRuinDetails
FNF:10
FNH:10
FNDA:7,getToken
FNDA:1,updateRuin
FNDA:1,newCommentOnRuin
FNDA:1,deleteComment
FNDA:1,addToFavoritesToggle
FNDA:1,addToVisitedToggle
FNDA:1,createNewRuin
FNDA:1,deleteRuin
FNDA:1,getAllRuins
FNDA:1,getRuinDetails
DA:1,1
DA:4,1
DA:6,1
DA:18,1
DA:19,7
DA:22,1
DA:23,1
DA:30,1
DA:31,1
DA:38,1
DA:39,1
DA:46,1
DA:47,1
DA:53,1
DA:54,1
DA:61,1
DA:62,1
DA:69,1
DA:70,1
DA:77,1
DA:78,1
DA:81,1
DA:82,1
LF:23
LH:23
BRF:0
BRH:0
end_of_record
TN:
SF:src\router\users.service.ts
FN:14,getToken
FN:19,register
FN:23,login
FN:27,loginUsingToken
FN:39,logout
FN:42,getData
FNF:6
FNH:5
FNDA:1,getToken
FNDA:1,register
FNDA:1,login
FNDA:1,loginUsingToken
FNDA:0,logout
FNDA:1,getData
DA:1,1
DA:4,1
DA:6,1
DA:15,1
DA:16,1
DA:19,1
DA:20,1
DA:23,1
DA:24,1
DA:27,1
DA:28,1
DA:39,1
DA:40,0
DA:42,1
DA:43,1
LF:15
LH:14
BRF:0
BRH:0
end_of_record
